<?xml version="1.0" encoding="UTF-8"?>
<!-- Generated by org.testng.reporters.JUnitReportReporter -->
<testsuite hostname="LAPTOP-VNBA3OG5" failures="0" tests="4" name="ContainsSubString.WordContainsSubString" time="0.023" errors="0" timestamp="2021-10-18T10:41:38 CDT" skipped="0">
  <testcase classname="ContainsSubString.WordContainsSubString" name="test4" time="0.002"/>
  <system-out/>
  <testcase classname="ContainsSubString.WordContainsSubString" name="test1" time="0.017"/>
  <system-out/>
  <testcase classname="ContainsSubString.WordContainsSubString" name="test3" time="0.002"/>
  <system-out/>
  <testcase classname="ContainsSubString.WordContainsSubString" name="test2" time="0.002"/>
  <system-out/>
</testsuite> <!-- ContainsSubString.WordContainsSubString -->
